<?xml version="1.0" encoding="UTF-8"?>
<testsuite name="gcukakao.jenkins.calculator.CalculatorApplicationTests" tests="1" skipped="0" failures="0" errors="0" timestamp="2022-10-20T01:46:58" hostname="DESKTOP-QIOJKAV" time="1.364">
  <properties/>
  <testcase name="contextLoads()" classname="gcukakao.jenkins.calculator.CalculatorApplicationTests" time="1.364"/>
  <system-out><![CDATA[10:46:53.140 [Test worker] DEBUG org.springframework.test.context.BootstrapUtils - Instantiating CacheAwareContextLoaderDelegate from class [org.springframework.test.context.cache.DefaultCacheAwareContextLoaderDelegate]
10:46:53.173 [Test worker] DEBUG org.springframework.test.context.BootstrapUtils - Instantiating BootstrapContext using constructor [public org.springframework.test.context.support.DefaultBootstrapContext(java.lang.Class,org.springframework.test.context.CacheAwareContextLoaderDelegate)]
10:46:53.257 [Test worker] DEBUG org.springframework.test.context.BootstrapUtils - Instantiating TestContextBootstrapper for test class [gcukakao.jenkins.calculator.CalculatorApplicationTests] from class [org.springframework.boot.test.context.SpringBootTestContextBootstrapper]
10:46:53.294 [Test worker] INFO org.springframework.boot.test.context.SpringBootTestContextBootstrapper - Neither @ContextConfiguration nor @ContextHierarchy found for test class [gcukakao.jenkins.calculator.CalculatorApplicationTests], using SpringBootContextLoader
10:46:53.312 [Test worker] DEBUG org.springframework.test.context.support.AbstractContextLoader - Did not detect default resource location for test class [gcukakao.jenkins.calculator.CalculatorApplicationTests]: class path resource [gcukakao/jenkins/calculator/CalculatorApplicationTests-context.xml] does not exist
10:46:53.314 [Test worker] DEBUG org.springframework.test.context.support.AbstractContextLoader - Did not detect default resource location for test class [gcukakao.jenkins.calculator.CalculatorApplicationTests]: class path resource [gcukakao/jenkins/calculator/CalculatorApplicationTestsContext.groovy] does not exist
10:46:53.315 [Test worker] INFO org.springframework.test.context.support.AbstractContextLoader - Could not detect default resource locations for test class [gcukakao.jenkins.calculator.CalculatorApplicationTests]: no resource found for suffixes {-context.xml, Context.groovy}.
10:46:53.316 [Test worker] INFO org.springframework.test.context.support.AnnotationConfigContextLoaderUtils - Could not detect default configuration classes for test class [gcukakao.jenkins.calculator.CalculatorApplicationTests]: CalculatorApplicationTests does not declare any static, non-private, non-final, nested classes annotated with @Configuration.
10:46:53.504 [Test worker] DEBUG org.springframework.test.context.support.ActiveProfilesUtils - Could not find an 'annotation declaring class' for annotation type [org.springframework.test.context.ActiveProfiles] and class [gcukakao.jenkins.calculator.CalculatorApplicationTests]
10:46:53.684 [Test worker] DEBUG org.springframework.context.annotation.ClassPathScanningCandidateComponentProvider - Identified candidate component class: file [C:\Dev\github\Calculator\build\classes\java\main\gcukakao\jenkins\calculator\CalculatorApplication.class]
10:46:53.707 [Test worker] INFO org.springframework.boot.test.context.SpringBootTestContextBootstrapper - Found @SpringBootConfiguration gcukakao.jenkins.calculator.CalculatorApplication for test class gcukakao.jenkins.calculator.CalculatorApplicationTests
10:46:54.057 [Test worker] DEBUG org.springframework.boot.test.context.SpringBootTestContextBootstrapper - @TestExecutionListeners is not present for class [gcukakao.jenkins.calculator.CalculatorApplicationTests]: using defaults.
10:46:54.058 [Test worker] INFO org.springframework.boot.test.context.SpringBootTestContextBootstrapper - Loaded default TestExecutionListener class names from location [META-INF/spring.factories]: [org.springframework.boot.test.autoconfigure.restdocs.RestDocsTestExecutionListener, org.springframework.boot.test.autoconfigure.web.client.MockRestServiceServerResetTestExecutionListener, org.springframework.boot.test.autoconfigure.web.servlet.MockMvcPrintOnlyOnFailureTestExecutionListener, org.springframework.boot.test.autoconfigure.web.servlet.WebDriverTestExecutionListener, org.springframework.boot.test.autoconfigure.webservices.client.MockWebServiceServerTestExecutionListener, org.springframework.boot.test.mock.mockito.MockitoTestExecutionListener, org.springframework.boot.test.mock.mockito.ResetMocksTestExecutionListener, org.springframework.test.context.web.ServletTestExecutionListener, org.springframework.test.context.support.DirtiesContextBeforeModesTestExecutionListener, org.springframework.test.context.event.ApplicationEventsTestExecutionListener, org.springframework.test.context.support.DependencyInjectionTestExecutionListener, org.springframework.test.context.support.DirtiesContextTestExecutionListener, org.springframework.test.context.transaction.TransactionalTestExecutionListener, org.springframework.test.context.jdbc.SqlScriptsTestExecutionListener, org.springframework.test.context.event.EventPublishingTestExecutionListener]
10:46:54.101 [Test worker] DEBUG org.springframework.boot.test.context.SpringBootTestContextBootstrapper - Skipping candidate TestExecutionListener [org.springframework.test.context.transaction.TransactionalTestExecutionListener] due to a missing dependency. Specify custom listener classes or make the default listener classes and their required dependencies available. Offending class: [org/springframework/transaction/TransactionDefinition]
10:46:54.103 [Test worker] DEBUG org.springframework.boot.test.context.SpringBootTestContextBootstrapper - Skipping candidate TestExecutionListener [org.springframework.test.context.jdbc.SqlScriptsTestExecutionListener] due to a missing dependency. Specify custom listener classes or make the default listener classes and their required dependencies available. Offending class: [org/springframework/transaction/interceptor/TransactionAttribute]
10:46:54.104 [Test worker] INFO org.springframework.boot.test.context.SpringBootTestContextBootstrapper - Using TestExecutionListeners: [org.springframework.test.context.web.ServletTestExecutionListener@750fe12e, org.springframework.test.context.support.DirtiesContextBeforeModesTestExecutionListener@f8908f6, org.springframework.test.context.event.ApplicationEventsTestExecutionListener@3e587920, org.springframework.boot.test.mock.mockito.MockitoTestExecutionListener@2ef8a8c3, org.springframework.boot.test.autoconfigure.SpringBootDependencyInjectionTestExecutionListener@24f43aa3, org.springframework.test.context.support.DirtiesContextTestExecutionListener@63fd4873, org.springframework.test.context.event.EventPublishingTestExecutionListener@1e11bc55, org.springframework.boot.test.autoconfigure.restdocs.RestDocsTestExecutionListener@7544a1e4, org.springframework.boot.test.autoconfigure.web.client.MockRestServiceServerResetTestExecutionListener@70e0accd, org.springframework.boot.test.autoconfigure.web.servlet.MockMvcPrintOnlyOnFailureTestExecutionListener@7957dc72, org.springframework.boot.test.autoconfigure.web.servlet.WebDriverTestExecutionListener@6ab72419, org.springframework.boot.test.autoconfigure.webservices.client.MockWebServiceServerTestExecutionListener@3aacf32a, org.springframework.boot.test.mock.mockito.ResetMocksTestExecutionListener@4fdfa676]
10:46:54.115 [Test worker] DEBUG org.springframework.test.context.support.AbstractDirtiesContextTestExecutionListener - Before test class: context [DefaultTestContext@6e33c391 testClass = CalculatorApplicationTests, testInstance = [null], testMethod = [null], testException = [null], mergedContextConfiguration = [WebMergedContextConfiguration@6c451c9c testClass = CalculatorApplicationTests, locations = '{}', classes = '{class gcukakao.jenkins.calculator.CalculatorApplication}', contextInitializerClasses = '[]', activeProfiles = '{}', propertySourceLocations = '{}', propertySourceProperties = '{org.springframework.boot.test.context.SpringBootTestContextBootstrapper=true}', contextCustomizers = set[org.springframework.boot.test.autoconfigure.actuate.metrics.MetricsExportContextCustomizerFactory$DisableMetricExportContextCustomizer@40f70521, org.springframework.boot.test.autoconfigure.properties.PropertyMappingContextCustomizer@0, org.springframework.boot.test.autoconfigure.web.servlet.WebDriverContextCustomizerFactory$Customizer@5d2a4eed, org.springframework.boot.test.context.filter.ExcludeFilterContextCustomizer@3e10dc6, org.springframework.boot.test.json.DuplicateJsonObjectContextCustomizerFactory$DuplicateJsonObjectContextCustomizer@62452cc9, org.springframework.boot.test.mock.mockito.MockitoContextCustomizer@0, org.springframework.boot.test.web.client.TestRestTemplateContextCustomizer@62e6b5c8, org.springframework.boot.test.context.SpringBootTestArgs@1, org.springframework.boot.test.context.SpringBootTestWebEnvironment@5038d0b5], resourceBasePath = 'src/main/webapp', contextLoader = 'org.springframework.boot.test.context.SpringBootContextLoader', parent = [null]], attributes = map['org.springframework.test.context.web.ServletTestExecutionListener.activateListener' -> true]], class annotated with @DirtiesContext [false] with mode [null].
10:46:54.325 [Test worker] DEBUG org.springframework.boot.ApplicationServletEnvironment - Activating profiles []
10:46:54.327 [Test worker] DEBUG org.springframework.test.context.support.TestPropertySourceUtils - Adding inlined properties to environment: {spring.jmx.enabled=false, org.springframework.boot.test.context.SpringBootTestContextBootstrapper=true}

  .   ____          _            __ _ _
 /\\ / ___'_ __ _ _(_)_ __  __ _ \ \ \ \
( ( )\___ | '_ | '_| | '_ \/ _` | \ \ \ \
 \\/  ___)| |_)| | | | | || (_| |  ) ) ) )
  '  |____| .__|_| |_|_| |_\__, | / / / /
 =========|_|==============|___/=/_/_/_/
 :: Spring Boot ::                (v2.6.1)

2022-10-20 10:46:55.019  INFO 32156 --- [    Test worker] g.j.c.CalculatorApplicationTests         : Starting CalculatorApplicationTests using Java 11.0.16 on DESKTOP-QIOJKAV with PID 32156 (started by seo07 in C:\Dev\github\Calculator)
2022-10-20 10:46:55.022  INFO 32156 --- [    Test worker] g.j.c.CalculatorApplicationTests         : No active profile set, falling back to default profiles: default
2022-10-20 10:46:58.734  INFO 32156 --- [    Test worker] g.j.c.CalculatorApplicationTests         : Started CalculatorApplicationTests in 4.403 seconds (JVM running for 7.91)
]]></system-out>
  <system-err><![CDATA[]]></system-err>
</testsuite>
