<?xml version="1.0" encoding="UTF-8"?>
<testsuite name="gcukakao.jenkins.calculator.CalculatorApplicationTests" tests="1" skipped="0" failures="0" errors="0" timestamp="2022-10-20T12:16:17" hostname="DESKTOP-QIOJKAV" time="1.445">
  <properties/>
  <testcase name="contextLoads()" classname="gcukakao.jenkins.calculator.CalculatorApplicationTests" time="1.445"/>
  <system-out><![CDATA[21:16:09.441 [Test worker] DEBUG org.springframework.test.context.BootstrapUtils - Instantiating CacheAwareContextLoaderDelegate from class [org.springframework.test.context.cache.DefaultCacheAwareContextLoaderDelegate]
21:16:09.486 [Test worker] DEBUG org.springframework.test.context.BootstrapUtils - Instantiating BootstrapContext using constructor [public org.springframework.test.context.support.DefaultBootstrapContext(java.lang.Class,org.springframework.test.context.CacheAwareContextLoaderDelegate)]
21:16:09.596 [Test worker] DEBUG org.springframework.test.context.BootstrapUtils - Instantiating TestContextBootstrapper for test class [gcukakao.jenkins.calculator.CalculatorApplicationTests] from class [org.springframework.boot.test.context.SpringBootTestContextBootstrapper]
21:16:09.635 [Test worker] INFO org.springframework.boot.test.context.SpringBootTestContextBootstrapper - Neither @ContextConfiguration nor @ContextHierarchy found for test class [gcukakao.jenkins.calculator.CalculatorApplicationTests], using SpringBootContextLoader
21:16:09.649 [Test worker] DEBUG org.springframework.test.context.support.AbstractContextLoader - Did not detect default resource location for test class [gcukakao.jenkins.calculator.CalculatorApplicationTests]: class path resource [gcukakao/jenkins/calculator/CalculatorApplicationTests-context.xml] does not exist
21:16:09.651 [Test worker] DEBUG org.springframework.test.context.support.AbstractContextLoader - Did not detect default resource location for test class [gcukakao.jenkins.calculator.CalculatorApplicationTests]: class path resource [gcukakao/jenkins/calculator/CalculatorApplicationTestsContext.groovy] does not exist
21:16:09.652 [Test worker] INFO org.springframework.test.context.support.AbstractContextLoader - Could not detect default resource locations for test class [gcukakao.jenkins.calculator.CalculatorApplicationTests]: no resource found for suffixes {-context.xml, Context.groovy}.
21:16:09.654 [Test worker] INFO org.springframework.test.context.support.AnnotationConfigContextLoaderUtils - Could not detect default configuration classes for test class [gcukakao.jenkins.calculator.CalculatorApplicationTests]: CalculatorApplicationTests does not declare any static, non-private, non-final, nested classes annotated with @Configuration.
21:16:09.813 [Test worker] DEBUG org.springframework.test.context.support.ActiveProfilesUtils - Could not find an 'annotation declaring class' for annotation type [org.springframework.test.context.ActiveProfiles] and class [gcukakao.jenkins.calculator.CalculatorApplicationTests]
21:16:10.069 [Test worker] DEBUG org.springframework.context.annotation.ClassPathScanningCandidateComponentProvider - Identified candidate component class: file [C:\Dev\github\Calculator\build\classes\java\main\gcukakao\jenkins\calculator\CalculatorApplication.class]
21:16:10.100 [Test worker] INFO org.springframework.boot.test.context.SpringBootTestContextBootstrapper - Found @SpringBootConfiguration gcukakao.jenkins.calculator.CalculatorApplication for test class gcukakao.jenkins.calculator.CalculatorApplicationTests
21:16:10.470 [Test worker] DEBUG org.springframework.boot.test.context.SpringBootTestContextBootstrapper - @TestExecutionListeners is not present for class [gcukakao.jenkins.calculator.CalculatorApplicationTests]: using defaults.
21:16:10.472 [Test worker] INFO org.springframework.boot.test.context.SpringBootTestContextBootstrapper - Loaded default TestExecutionListener class names from location [META-INF/spring.factories]: [org.springframework.boot.test.autoconfigure.restdocs.RestDocsTestExecutionListener, org.springframework.boot.test.autoconfigure.web.client.MockRestServiceServerResetTestExecutionListener, org.springframework.boot.test.autoconfigure.web.servlet.MockMvcPrintOnlyOnFailureTestExecutionListener, org.springframework.boot.test.autoconfigure.web.servlet.WebDriverTestExecutionListener, org.springframework.boot.test.autoconfigure.webservices.client.MockWebServiceServerTestExecutionListener, org.springframework.boot.test.mock.mockito.MockitoTestExecutionListener, org.springframework.boot.test.mock.mockito.ResetMocksTestExecutionListener, org.springframework.test.context.web.ServletTestExecutionListener, org.springframework.test.context.support.DirtiesContextBeforeModesTestExecutionListener, org.springframework.test.context.event.ApplicationEventsTestExecutionListener, org.springframework.test.context.support.DependencyInjectionTestExecutionListener, org.springframework.test.context.support.DirtiesContextTestExecutionListener, org.springframework.test.context.transaction.TransactionalTestExecutionListener, org.springframework.test.context.jdbc.SqlScriptsTestExecutionListener, org.springframework.test.context.event.EventPublishingTestExecutionListener]
21:16:10.515 [Test worker] DEBUG org.springframework.boot.test.context.SpringBootTestContextBootstrapper - Skipping candidate TestExecutionListener [org.springframework.test.context.transaction.TransactionalTestExecutionListener] due to a missing dependency. Specify custom listener classes or make the default listener classes and their required dependencies available. Offending class: [org/springframework/transaction/interceptor/TransactionAttributeSource]
21:16:10.517 [Test worker] DEBUG org.springframework.boot.test.context.SpringBootTestContextBootstrapper - Skipping candidate TestExecutionListener [org.springframework.test.context.jdbc.SqlScriptsTestExecutionListener] due to a missing dependency. Specify custom listener classes or make the default listener classes and their required dependencies available. Offending class: [org/springframework/transaction/interceptor/TransactionAttribute]
21:16:10.518 [Test worker] INFO org.springframework.boot.test.context.SpringBootTestContextBootstrapper - Using TestExecutionListeners: [org.springframework.test.context.web.ServletTestExecutionListener@4362d7df, org.springframework.test.context.support.DirtiesContextBeforeModesTestExecutionListener@66238be2, org.springframework.test.context.event.ApplicationEventsTestExecutionListener@1c25b8a7, org.springframework.boot.test.mock.mockito.MockitoTestExecutionListener@200606de, org.springframework.boot.test.autoconfigure.SpringBootDependencyInjectionTestExecutionListener@750fe12e, org.springframework.test.context.support.DirtiesContextTestExecutionListener@f8908f6, org.springframework.test.context.event.EventPublishingTestExecutionListener@3e587920, org.springframework.boot.test.autoconfigure.restdocs.RestDocsTestExecutionListener@2ef8a8c3, org.springframework.boot.test.autoconfigure.web.client.MockRestServiceServerResetTestExecutionListener@24f43aa3, org.springframework.boot.test.autoconfigure.web.servlet.MockMvcPrintOnlyOnFailureTestExecutionListener@63fd4873, org.springframework.boot.test.autoconfigure.web.servlet.WebDriverTestExecutionListener@1e11bc55, org.springframework.boot.test.autoconfigure.webservices.client.MockWebServiceServerTestExecutionListener@7544a1e4, org.springframework.boot.test.mock.mockito.ResetMocksTestExecutionListener@70e0accd]
21:16:10.532 [Test worker] DEBUG org.springframework.test.context.support.AbstractDirtiesContextTestExecutionListener - Before test class: context [DefaultTestContext@6ce1f601 testClass = CalculatorApplicationTests, testInstance = [null], testMethod = [null], testException = [null], mergedContextConfiguration = [WebMergedContextConfiguration@38875e7d testClass = CalculatorApplicationTests, locations = '{}', classes = '{class gcukakao.jenkins.calculator.CalculatorApplication}', contextInitializerClasses = '[]', activeProfiles = '{}', propertySourceLocations = '{}', propertySourceProperties = '{org.springframework.boot.test.context.SpringBootTestContextBootstrapper=true}', contextCustomizers = set[org.springframework.boot.test.autoconfigure.actuate.metrics.MetricsExportContextCustomizerFactory$DisableMetricExportContextCustomizer@5c42d2b7, org.springframework.boot.test.autoconfigure.properties.PropertyMappingContextCustomizer@0, org.springframework.boot.test.autoconfigure.web.servlet.WebDriverContextCustomizerFactory$Customizer@75b25825, org.springframework.boot.test.context.filter.ExcludeFilterContextCustomizer@57459491, org.springframework.boot.test.json.DuplicateJsonObjectContextCustomizerFactory$DuplicateJsonObjectContextCustomizer@78fbff54, org.springframework.boot.test.mock.mockito.MockitoContextCustomizer@0, org.springframework.boot.test.web.client.TestRestTemplateContextCustomizer@36f48b4, org.springframework.boot.test.context.SpringBootTestArgs@1, org.springframework.boot.test.context.SpringBootTestWebEnvironment@6cc4cdb9], resourceBasePath = 'src/main/webapp', contextLoader = 'org.springframework.boot.test.context.SpringBootContextLoader', parent = [null]], attributes = map['org.springframework.test.context.web.ServletTestExecutionListener.activateListener' -> true]], class annotated with @DirtiesContext [false] with mode [null].
21:16:10.761 [Test worker] DEBUG org.springframework.boot.ApplicationServletEnvironment - Activating profiles []
21:16:10.764 [Test worker] DEBUG org.springframework.test.context.support.TestPropertySourceUtils - Adding inlined properties to environment: {spring.jmx.enabled=false, org.springframework.boot.test.context.SpringBootTestContextBootstrapper=true}

  .   ____          _            __ _ _
 /\\ / ___'_ __ _ _(_)_ __  __ _ \ \ \ \
( ( )\___ | '_ | '_| | '_ \/ _` | \ \ \ \
 \\/  ___)| |_)| | | | | || (_| |  ) ) ) )
  '  |____| .__|_| |_|_| |_\__, | / / / /
 =========|_|==============|___/=/_/_/_/
 :: Spring Boot ::                (v2.6.1)

2022-10-20 21:16:11.669  INFO 75020 --- [    Test worker] g.j.c.CalculatorApplicationTests         : Starting CalculatorApplicationTests using Java 11.0.16 on DESKTOP-QIOJKAV with PID 75020 (started by seo07 in C:\Dev\github\Calculator)
2022-10-20 21:16:11.673  INFO 75020 --- [    Test worker] g.j.c.CalculatorApplicationTests         : No active profile set, falling back to default profiles: default
2022-10-20 21:16:17.522  INFO 75020 --- [    Test worker] g.j.c.CalculatorApplicationTests         : Started CalculatorApplicationTests in 6.754 seconds (JVM running for 11.589)
]]></system-out>
  <system-err><![CDATA[]]></system-err>
</testsuite>
